Username:  stevenc
Date:      Sun Jan 19 21:11:21 EST 2014
 
**********************************************
Assembling
**********************************************
Linking
****************************************
Running
Input=10
****************************************
What would you like to count to? : 0 9
1 8
2 7
3 6
4 5
5 4
6 3
7 2
8 1
9 0
****************************************
Running
Input=7
****************************************
What would you like to count to? : 0 6
1 5
2 4
3 3
4 2
5 1
6 0
****************************************
