Username:  stevenc
Date:      Mon Mar 30 16:28:04 EDT 2015
 
*** compiling ***
--- running ---
 

Carl Stevenson
RSCPU
This program accepts the title of a file from the
user, opens the file, then reads in lines of 
hexadecimal bytes, and executes them in the 
simulated CPU.

Enter the name of the file containing the program: 
You chose: /home/mathcs/turnin/bracken/cs330/test4.1

Initial register values: 
Current Data: AC = 0, R = 0, ZCVN = 0000, AR = 0, PC = 0, DR = 0
	IR = 0, TR = 0

fetch1: AR = 0 and PC = 0
fetch2: DR = 11 and PC = 1
fetch3: IR = 11 and AR = 1
clac instruction
clac1 AC = 0 ZCVN = 1000
Current Data: AC = 0, R = 0, ZCVN = 1000, AR = 1, PC = 1, DR = 11
fetch1: AR = 1 and PC = 1
fetch2: DR = 3 and PC = 2
fetch3: IR = 3 and AR = 2
mvac instruction
mvac1 R = 0
Current Data: AC = 0, R = 0, ZCVN = 1000, AR = 2, PC = 2, DR = 3
fetch1: AR = 2 and PC = 2
fetch2: DR = 12 and PC = 3
fetch3: IR = 12 and AR = 3
and instruction
and1 AC = 0 ZCVN = 1000
Current Data: AC = 0, R = 0, ZCVN = 1000, AR = 3, PC = 3, DR = 12
fetch1: AR = 3 and PC = 3
fetch2: DR = 22 and PC = 4
fetch3: IR = 22 and AR = 4
mvi instruction
mvi1 DR = 255 PC = 5 AR = 4
mvi2 AC = -1
Current Data: AC = -1, R = 0, ZCVN = 1000, AR = 4, PC = 5, DR = 255
fetch1: AR = 5 and PC = 5
fetch2: DR = 13 and PC = 6
fetch3: IR = 13 and AR = 6
or operation
or1 AC = -1 ZCVN = 0001
Current Data: AC = -1, R = 0, ZCVN = 0001, AR = 6, PC = 6, DR = 13
fetch1: AR = 6 and PC = 6
fetch2: DR = 3 and PC = 7
fetch3: IR = 3 and AR = 7
mvac instruction
mvac1 R = -1
Current Data: AC = -1, R = -1, ZCVN = 0001, AR = 7, PC = 7, DR = 3
fetch1: AR = 7 and PC = 7
fetch2: DR = 13 and PC = 8
fetch3: IR = 13 and AR = 8
or operation
or1 AC = -1 ZCVN = 0001
Current Data: AC = -1, R = -1, ZCVN = 0001, AR = 8, PC = 8, DR = 13
fetch1: AR = 8 and PC = 8
fetch2: DR = 12 and PC = 9
fetch3: IR = 12 and AR = 9
and instruction
and1 AC = -1 ZCVN = 0001
Current Data: AC = -1, R = -1, ZCVN = 0001, AR = 9, PC = 9, DR = 12
fetch1: AR = 9 and PC = 9
fetch2: DR = 14 and PC = 10
fetch3: IR = 14 and AR = 10
xor operation
xor1 AC = 0 ZCVN = 1000
Current Data: AC = 0, R = -1, ZCVN = 1000, AR = 10, PC = 10, DR = 14
fetch1: AR = 10 and PC = 10
fetch2: DR = 15 and PC = 11
fetch3: IR = 15 and AR = 11
not operation
not1 AC = -1 ZCVN = 0001
Current Data: AC = -1, R = -1, ZCVN = 0001, AR = 11, PC = 11, DR = 15
fetch1: AR = 11 and PC = 11
fetch2: DR = 22 and PC = 12
fetch3: IR = 22 and AR = 12
mvi instruction
mvi1 DR = 128 PC = 13 AR = 12
mvi2 AC = -128
Current Data: AC = -128, R = -1, ZCVN = 0001, AR = 12, PC = 13, DR = 128
fetch1: AR = 13 and PC = 13
fetch2: DR = 15 and PC = 14
fetch3: IR = 15 and AR = 14
not operation
not1 AC = 127 ZCVN = 0000
Current Data: AC = 127, R = -1, ZCVN = 0000, AR = 14, PC = 14, DR = 15
fetch1: AR = 14 and PC = 14
fetch2: DR = 22 and PC = 15
fetch3: IR = 22 and AR = 15
mvi instruction
mvi1 DR = 128 PC = 16 AR = 15
mvi2 AC = -128
Current Data: AC = -128, R = -1, ZCVN = 0000, AR = 15, PC = 16, DR = 128
fetch1: AR = 16 and PC = 16
fetch2: DR = 3 and PC = 17
fetch3: IR = 3 and AR = 17
mvac instruction
mvac1 R = -128
Current Data: AC = -128, R = -128, ZCVN = 0000, AR = 17, PC = 17, DR = 3
fetch1: AR = 17 and PC = 17
fetch2: DR = 22 and PC = 18
fetch3: IR = 22 and AR = 18
mvi instruction
mvi1 DR = 127 PC = 19 AR = 18
mvi2 AC = 127
Current Data: AC = 127, R = -128, ZCVN = 0000, AR = 18, PC = 19, DR = 127
fetch1: AR = 19 and PC = 19
fetch2: DR = 14 and PC = 20
fetch3: IR = 14 and AR = 20
xor operation
xor1 AC = -1 ZCVN = 0001
Current Data: AC = -1, R = -128, ZCVN = 0001, AR = 20, PC = 20, DR = 14
fetch1: AR = 20 and PC = 20
fetch2: DR = 22 and PC = 21
fetch3: IR = 22 and AR = 21
mvi instruction
mvi1 DR = 127 PC = 22 AR = 21
mvi2 AC = 127
Current Data: AC = 127, R = -128, ZCVN = 0001, AR = 21, PC = 22, DR = 127
fetch1: AR = 22 and PC = 22
fetch2: DR = 3 and PC = 23
fetch3: IR = 3 and AR = 23
mvac instruction
mvac1 R = 127
Current Data: AC = 127, R = 127, ZCVN = 0001, AR = 23, PC = 23, DR = 3
fetch1: AR = 23 and PC = 23
fetch2: DR = 12 and PC = 24
fetch3: IR = 12 and AR = 24
and instruction
and1 AC = 127 ZCVN = 0000
Current Data: AC = 127, R = 127, ZCVN = 0000, AR = 24, PC = 24, DR = 12
fetch1: AR = 24 and PC = 24
fetch2: DR = 255 and PC = 25
fetch3: IR = 255 and AR = 25
halt instruction
Current Data: AC = 127, R = 127, ZCVN = 0000, AR = 25, PC = 25, DR = 255
--- Running again ---
 

Carl Stevenson
RSCPU
This program accepts the title of a file from the
user, opens the file, then reads in lines of 
hexadecimal bytes, and executes them in the 
simulated CPU.

Enter the name of the file containing the program: 
You chose: /home/mathcs/turnin/bracken/cs330/test5.1

Initial register values: 
Current Data: AC = 0, R = 0, ZCVN = 0000, AR = 0, PC = 0, DR = 0
	IR = 0, TR = 0

fetch1: AR = 0 and PC = 0
fetch2: DR = 22 and PC = 1
fetch3: IR = 22 and AR = 1
mvi instruction
mvi1 DR = 1 PC = 2 AR = 1
mvi2 AC = 1
Current Data: AC = 1, R = 0, ZCVN = 0000, AR = 1, PC = 2, DR = 1
fetch1: AR = 2 and PC = 2
fetch2: DR = 3 and PC = 3
fetch3: IR = 3 and AR = 3
mvac instruction
mvac1 R = 1
Current Data: AC = 1, R = 1, ZCVN = 0000, AR = 3, PC = 3, DR = 3
fetch1: AR = 3 and PC = 3
fetch2: DR = 8 and PC = 4
fetch3: IR = 8 and AR = 4
add instruction
add1 AC = 2 R = 1 ZCVN = 0000
Current Data: AC = 2, R = 1, ZCVN = 0000, AR = 4, PC = 4, DR = 8
fetch1: AR = 4 and PC = 4
fetch2: DR = 22 and PC = 5
fetch3: IR = 22 and AR = 5
mvi instruction
mvi1 DR = 255 PC = 6 AR = 5
mvi2 AC = -1
Current Data: AC = -1, R = 1, ZCVN = 0000, AR = 5, PC = 6, DR = 255
fetch1: AR = 6 and PC = 6
fetch2: DR = 8 and PC = 7
fetch3: IR = 8 and AR = 7
add instruction
add1 AC = 0 R = 1 ZCVN = 1100
Current Data: AC = 0, R = 1, ZCVN = 1100, AR = 7, PC = 7, DR = 8
fetch1: AR = 7 and PC = 7
fetch2: DR = 22 and PC = 8
fetch3: IR = 22 and AR = 8
mvi instruction
mvi1 DR = 127 PC = 9 AR = 8
mvi2 AC = 127
Current Data: AC = 127, R = 1, ZCVN = 1100, AR = 8, PC = 9, DR = 127
fetch1: AR = 9 and PC = 9
fetch2: DR = 8 and PC = 10
fetch3: IR = 8 and AR = 10
add instruction
add1 AC = -128 R = 1 ZCVN = 0011
Current Data: AC = -128, R = 1, ZCVN = 0011, AR = 10, PC = 10, DR = 8
fetch1: AR = 10 and PC = 10
fetch2: DR = 22 and PC = 11
fetch3: IR = 22 and AR = 11
mvi instruction
mvi1 DR = 255 PC = 12 AR = 11
mvi2 AC = -1
Current Data: AC = -1, R = 1, ZCVN = 0011, AR = 11, PC = 12, DR = 255
fetch1: AR = 12 and PC = 12
fetch2: DR = 3 and PC = 13
fetch3: IR = 3 and AR = 13
mvac instruction
mvac1 R = -1
Current Data: AC = -1, R = -1, ZCVN = 0011, AR = 13, PC = 13, DR = 3
fetch1: AR = 13 and PC = 13
fetch2: DR = 22 and PC = 14
fetch3: IR = 22 and AR = 14
mvi instruction
mvi1 DR = 128 PC = 15 AR = 14
mvi2 AC = -128
Current Data: AC = -128, R = -1, ZCVN = 0011, AR = 14, PC = 15, DR = 128
fetch1: AR = 15 and PC = 15
fetch2: DR = 8 and PC = 16
fetch3: IR = 8 and AR = 16
add instruction
add1 AC = 127 R = -1 ZCVN = 0110
Current Data: AC = 127, R = -1, ZCVN = 0110, AR = 16, PC = 16, DR = 8
fetch1: AR = 16 and PC = 16
fetch2: DR = 3 and PC = 17
fetch3: IR = 3 and AR = 17
mvac instruction
mvac1 R = 127
Current Data: AC = 127, R = 127, ZCVN = 0110, AR = 17, PC = 17, DR = 3
fetch1: AR = 17 and PC = 17
fetch2: DR = 8 and PC = 18
fetch3: IR = 8 and AR = 18
add instruction
add1 AC = -2 R = 127 ZCVN = 0011
Current Data: AC = -2, R = 127, ZCVN = 0011, AR = 18, PC = 18, DR = 8
fetch1: AR = 18 and PC = 18
fetch2: DR = 22 and PC = 19
fetch3: IR = 22 and AR = 19
mvi instruction
mvi1 DR = 254 PC = 20 AR = 19
mvi2 AC = -2
Current Data: AC = -2, R = 127, ZCVN = 0011, AR = 19, PC = 20, DR = 254
fetch1: AR = 20 and PC = 20
fetch2: DR = 3 and PC = 21
fetch3: IR = 3 and AR = 21
mvac instruction
mvac1 R = -2
Current Data: AC = -2, R = -2, ZCVN = 0011, AR = 21, PC = 21, DR = 3
fetch1: AR = 21 and PC = 21
fetch2: DR = 8 and PC = 22
fetch3: IR = 8 and AR = 22
add instruction
add1 AC = -4 R = -2 ZCVN = 0101
Current Data: AC = -4, R = -2, ZCVN = 0101, AR = 22, PC = 22, DR = 8
fetch1: AR = 22 and PC = 22
fetch2: DR = 11 and PC = 23
fetch3: IR = 11 and AR = 23
clac instruction
clac1 AC = 0 ZCVN = 1000
Current Data: AC = 0, R = -2, ZCVN = 1000, AR = 23, PC = 23, DR = 11
fetch1: AR = 23 and PC = 23
fetch2: DR = 3 and PC = 24
fetch3: IR = 3 and AR = 24
mvac instruction
mvac1 R = 0
Current Data: AC = 0, R = 0, ZCVN = 1000, AR = 24, PC = 24, DR = 3
fetch1: AR = 24 and PC = 24
fetch2: DR = 8 and PC = 25
fetch3: IR = 8 and AR = 25
add instruction
add1 AC = 0 R = 0 ZCVN = 1000
Current Data: AC = 0, R = 0, ZCVN = 1000, AR = 25, PC = 25, DR = 8
fetch1: AR = 25 and PC = 25
fetch2: DR = 255 and PC = 26
fetch3: IR = 255 and AR = 26
halt instruction
Current Data: AC = 0, R = 0, ZCVN = 1000, AR = 26, PC = 26, DR = 255
--- Running again ---
 

Carl Stevenson
RSCPU
This program accepts the title of a file from the
user, opens the file, then reads in lines of 
hexadecimal bytes, and executes them in the 
simulated CPU.

Enter the name of the file containing the program: 
You chose: /home/mathcs/turnin/bracken/cs330/test5.2

Initial register values: 
Current Data: AC = 0, R = 0, ZCVN = 0000, AR = 0, PC = 0, DR = 0
	IR = 0, TR = 0

fetch1: AR = 0 and PC = 0
fetch2: DR = 11 and PC = 1
fetch3: IR = 11 and AR = 1
clac instruction
clac1 AC = 0 ZCVN = 1000
Current Data: AC = 0, R = 0, ZCVN = 1000, AR = 1, PC = 1, DR = 11
fetch1: AR = 1 and PC = 1
fetch2: DR = 3 and PC = 2
fetch3: IR = 3 and AR = 2
mvac instruction
mvac1 R = 0
Current Data: AC = 0, R = 0, ZCVN = 1000, AR = 2, PC = 2, DR = 3
fetch1: AR = 2 and PC = 2
fetch2: DR = 9 and PC = 3
fetch3: IR = 9 and AR = 3
sub instruction
sub1 AC = 0 ZCVN = 1000
Current Data: AC = 0, R = 0, ZCVN = 1000, AR = 3, PC = 3, DR = 9
fetch1: AR = 3 and PC = 3
fetch2: DR = 10 and PC = 4
fetch3: IR = 10 and AR = 4
inac instruction
inac1 AC = 1 ZCVN = 0000
Current Data: AC = 1, R = 0, ZCVN = 0000, AR = 4, PC = 4, DR = 10
fetch1: AR = 4 and PC = 4
fetch2: DR = 9 and PC = 5
fetch3: IR = 9 and AR = 5
sub instruction
sub1 AC = 1 ZCVN = 0000
Current Data: AC = 1, R = 0, ZCVN = 0000, AR = 5, PC = 5, DR = 9
fetch1: AR = 5 and PC = 5
fetch2: DR = 3 and PC = 6
fetch3: IR = 3 and AR = 6
mvac instruction
mvac1 R = 1
Current Data: AC = 1, R = 1, ZCVN = 0000, AR = 6, PC = 6, DR = 3
fetch1: AR = 6 and PC = 6
fetch2: DR = 22 and PC = 7
fetch3: IR = 22 and AR = 7
mvi instruction
mvi1 DR = 128 PC = 8 AR = 7
mvi2 AC = -128
Current Data: AC = -128, R = 1, ZCVN = 0000, AR = 7, PC = 8, DR = 128
fetch1: AR = 8 and PC = 8
fetch2: DR = 9 and PC = 9
fetch3: IR = 9 and AR = 9
sub instruction
sub1 AC = 127 ZCVN = 0110
Current Data: AC = 127, R = 1, ZCVN = 0110, AR = 9, PC = 9, DR = 9
fetch1: AR = 9 and PC = 9
fetch2: DR = 22 and PC = 10
fetch3: IR = 22 and AR = 10
mvi instruction
mvi1 DR = 2 PC = 11 AR = 10
mvi2 AC = 2
Current Data: AC = 2, R = 1, ZCVN = 0110, AR = 10, PC = 11, DR = 2
fetch1: AR = 11 and PC = 11
fetch2: DR = 9 and PC = 12
fetch3: IR = 9 and AR = 12
sub instruction
sub1 AC = 1 ZCVN = 0100
Current Data: AC = 1, R = 1, ZCVN = 0100, AR = 12, PC = 12, DR = 9
fetch1: AR = 12 and PC = 12
fetch2: DR = 22 and PC = 13
fetch3: IR = 22 and AR = 13
mvi instruction
mvi1 DR = 255 PC = 14 AR = 13
mvi2 AC = -1
Current Data: AC = -1, R = 1, ZCVN = 0100, AR = 13, PC = 14, DR = 255
fetch1: AR = 14 and PC = 14
fetch2: DR = 9 and PC = 15
fetch3: IR = 9 and AR = 15
sub instruction
sub1 AC = -2 ZCVN = 0101
Current Data: AC = -2, R = 1, ZCVN = 0101, AR = 15, PC = 15, DR = 9
fetch1: AR = 15 and PC = 15
fetch2: DR = 22 and PC = 16
fetch3: IR = 22 and AR = 16
mvi instruction
mvi1 DR = 127 PC = 17 AR = 16
mvi2 AC = 127
Current Data: AC = 127, R = 1, ZCVN = 0101, AR = 16, PC = 17, DR = 127
fetch1: AR = 17 and PC = 17
fetch2: DR = 9 and PC = 18
fetch3: IR = 9 and AR = 18
sub instruction
sub1 AC = 126 ZCVN = 0100
Current Data: AC = 126, R = 1, ZCVN = 0100, AR = 18, PC = 18, DR = 9
fetch1: AR = 18 and PC = 18
fetch2: DR = 4 and PC = 19
fetch3: IR = 4 and AR = 19
movr instruction
movr1 AC = 1
Current Data: AC = 1, R = 1, ZCVN = 0100, AR = 19, PC = 19, DR = 4
fetch1: AR = 19 and PC = 19
fetch2: DR = 10 and PC = 20
fetch3: IR = 10 and AR = 20
inac instruction
inac1 AC = 2 ZCVN = 0000
Current Data: AC = 2, R = 1, ZCVN = 0000, AR = 20, PC = 20, DR = 10
fetch1: AR = 20 and PC = 20
fetch2: DR = 3 and PC = 21
fetch3: IR = 3 and AR = 21
mvac instruction
mvac1 R = 2
Current Data: AC = 2, R = 2, ZCVN = 0000, AR = 21, PC = 21, DR = 3
fetch1: AR = 21 and PC = 21
fetch2: DR = 22 and PC = 22
fetch3: IR = 22 and AR = 22
mvi instruction
mvi1 DR = 3 PC = 23 AR = 22
mvi2 AC = 3
Current Data: AC = 3, R = 2, ZCVN = 0000, AR = 22, PC = 23, DR = 3
fetch1: AR = 23 and PC = 23
fetch2: DR = 9 and PC = 24
fetch3: IR = 9 and AR = 24
sub instruction
sub1 AC = 1 ZCVN = 0100
Current Data: AC = 1, R = 2, ZCVN = 0100, AR = 24, PC = 24, DR = 9
fetch1: AR = 24 and PC = 24
fetch2: DR = 255 and PC = 25
fetch3: IR = 255 and AR = 25
halt instruction
Current Data: AC = 1, R = 2, ZCVN = 0100, AR = 25, PC = 25, DR = 255
--- Running again ---
 

Carl Stevenson
RSCPU
This program accepts the title of a file from the
user, opens the file, then reads in lines of 
hexadecimal bytes, and executes them in the 
simulated CPU.

Enter the name of the file containing the program: 
You chose: /home/mathcs/turnin/bracken/cs330/test6.1

Initial register values: 
Current Data: AC = 0, R = 0, ZCVN = 0000, AR = 0, PC = 0, DR = 0
	IR = 0, TR = 0

fetch1: AR = 0 and PC = 0
fetch2: DR = 22 and PC = 1
fetch3: IR = 22 and AR = 1
mvi instruction
mvi1 DR = 0 PC = 2 AR = 1
mvi2 AC = 0
Current Data: AC = 0, R = 0, ZCVN = 0000, AR = 1, PC = 2, DR = 0
fetch1: AR = 2 and PC = 2
fetch2: DR = 18 and PC = 3
fetch3: IR = 18 and AR = 3
rl instruction
rl1 AC = 0 ZCVN = 1000
Current Data: AC = 0, R = 0, ZCVN = 1000, AR = 3, PC = 3, DR = 18
fetch1: AR = 3 and PC = 3
fetch2: DR = 10 and PC = 4
fetch3: IR = 10 and AR = 4
inac instruction
inac1 AC = 1 ZCVN = 0000
Current Data: AC = 1, R = 0, ZCVN = 0000, AR = 4, PC = 4, DR = 10
fetch1: AR = 4 and PC = 4
fetch2: DR = 18 and PC = 5
fetch3: IR = 18 and AR = 5
rl instruction
rl1 AC = 2 ZCVN = 0000
Current Data: AC = 2, R = 0, ZCVN = 0000, AR = 5, PC = 5, DR = 18
fetch1: AR = 5 and PC = 5
fetch2: DR = 22 and PC = 6
fetch3: IR = 22 and AR = 6
mvi instruction
mvi1 DR = 128 PC = 7 AR = 6
mvi2 AC = -128
Current Data: AC = -128, R = 0, ZCVN = 0000, AR = 6, PC = 7, DR = 128
fetch1: AR = 7 and PC = 7
fetch2: DR = 18 and PC = 8
fetch3: IR = 18 and AR = 8
rl instruction
rl1 AC = 1 ZCVN = 0100
Current Data: AC = 1, R = 0, ZCVN = 0100, AR = 8, PC = 8, DR = 18
fetch1: AR = 8 and PC = 8
fetch2: DR = 22 and PC = 9
fetch3: IR = 22 and AR = 9
mvi instruction
mvi1 DR = 64 PC = 10 AR = 9
mvi2 AC = 64
Current Data: AC = 64, R = 0, ZCVN = 0100, AR = 9, PC = 10, DR = 64
fetch1: AR = 10 and PC = 10
fetch2: DR = 18 and PC = 11
fetch3: IR = 18 and AR = 11
rl instruction
rl1 AC = -128 ZCVN = 0001
Current Data: AC = -128, R = 0, ZCVN = 0001, AR = 11, PC = 11, DR = 18
fetch1: AR = 11 and PC = 11
fetch2: DR = 22 and PC = 12
fetch3: IR = 22 and AR = 12
mvi instruction
mvi1 DR = 1 PC = 13 AR = 12
mvi2 AC = 1
Current Data: AC = 1, R = 0, ZCVN = 0001, AR = 12, PC = 13, DR = 1
fetch1: AR = 13 and PC = 13
fetch2: DR = 18 and PC = 14
fetch3: IR = 18 and AR = 14
rl instruction
rl1 AC = 2 ZCVN = 0000
Current Data: AC = 2, R = 0, ZCVN = 0000, AR = 14, PC = 14, DR = 18
fetch1: AR = 14 and PC = 14
fetch2: DR = 18 and PC = 15
fetch3: IR = 18 and AR = 15
rl instruction
rl1 AC = 4 ZCVN = 0000
Current Data: AC = 4, R = 0, ZCVN = 0000, AR = 15, PC = 15, DR = 18
fetch1: AR = 15 and PC = 15
fetch2: DR = 18 and PC = 16
fetch3: IR = 18 and AR = 16
rl instruction
rl1 AC = 8 ZCVN = 0000
Current Data: AC = 8, R = 0, ZCVN = 0000, AR = 16, PC = 16, DR = 18
fetch1: AR = 16 and PC = 16
fetch2: DR = 22 and PC = 17
fetch3: IR = 22 and AR = 17
mvi instruction
mvi1 DR = 192 PC = 18 AR = 17
mvi2 AC = -64
Current Data: AC = -64, R = 0, ZCVN = 0000, AR = 17, PC = 18, DR = 192
fetch1: AR = 18 and PC = 18
fetch2: DR = 18 and PC = 19
fetch3: IR = 18 and AR = 19
rl instruction
rl1 AC = -127 ZCVN = 0101
Current Data: AC = -127, R = 0, ZCVN = 0101, AR = 19, PC = 19, DR = 18
fetch1: AR = 19 and PC = 19
fetch2: DR = 22 and PC = 20
fetch3: IR = 22 and AR = 20
mvi instruction
mvi1 DR = 1 PC = 21 AR = 20
mvi2 AC = 1
Current Data: AC = 1, R = 0, ZCVN = 0101, AR = 20, PC = 21, DR = 1
fetch1: AR = 21 and PC = 21
fetch2: DR = 18 and PC = 22
fetch3: IR = 18 and AR = 22
rl instruction
rl1 AC = 2 ZCVN = 0000
Current Data: AC = 2, R = 0, ZCVN = 0000, AR = 22, PC = 22, DR = 18
fetch1: AR = 22 and PC = 22
fetch2: DR = 18 and PC = 23
fetch3: IR = 18 and AR = 23
rl instruction
rl1 AC = 4 ZCVN = 0000
Current Data: AC = 4, R = 0, ZCVN = 0000, AR = 23, PC = 23, DR = 18
fetch1: AR = 23 and PC = 23
fetch2: DR = 18 and PC = 24
fetch3: IR = 18 and AR = 24
rl instruction
rl1 AC = 8 ZCVN = 0000
Current Data: AC = 8, R = 0, ZCVN = 0000, AR = 24, PC = 24, DR = 18
fetch1: AR = 24 and PC = 24
fetch2: DR = 22 and PC = 25
fetch3: IR = 22 and AR = 25
mvi instruction
mvi1 DR = 0 PC = 26 AR = 25
mvi2 AC = 0
Current Data: AC = 0, R = 0, ZCVN = 0000, AR = 25, PC = 26, DR = 0
fetch1: AR = 26 and PC = 26
fetch2: DR = 19 and PC = 27
fetch3: IR = 19 and AR = 27
rr instruction
rr1 AC = 0 ZCVN = 1000
Current Data: AC = 0, R = 0, ZCVN = 1000, AR = 27, PC = 27, DR = 19
fetch1: AR = 27 and PC = 27
fetch2: DR = 22 and PC = 28
fetch3: IR = 22 and AR = 28
mvi instruction
mvi1 DR = 1 PC = 29 AR = 28
mvi2 AC = 1
Current Data: AC = 1, R = 0, ZCVN = 1000, AR = 28, PC = 29, DR = 1
fetch1: AR = 29 and PC = 29
fetch2: DR = 19 and PC = 30
fetch3: IR = 19 and AR = 30
rr instruction
rr1 AC = -128 ZCVN = 0101
Current Data: AC = -128, R = 0, ZCVN = 0101, AR = 30, PC = 30, DR = 19
fetch1: AR = 30 and PC = 30
fetch2: DR = 19 and PC = 31
fetch3: IR = 19 and AR = 31
rr instruction
rr1 AC = -64 ZCVN = 0001
Current Data: AC = -64, R = 0, ZCVN = 0001, AR = 31, PC = 31, DR = 19
fetch1: AR = 31 and PC = 31
fetch2: DR = 19 and PC = 32
fetch3: IR = 19 and AR = 32
rr instruction
rr1 AC = -32 ZCVN = 0001
Current Data: AC = -32, R = 0, ZCVN = 0001, AR = 32, PC = 32, DR = 19
fetch1: AR = 32 and PC = 32
fetch2: DR = 22 and PC = 33
fetch3: IR = 22 and AR = 33
mvi instruction
mvi1 DR = 0 PC = 34 AR = 33
mvi2 AC = 0
Current Data: AC = 0, R = 0, ZCVN = 0001, AR = 33, PC = 34, DR = 0
fetch1: AR = 34 and PC = 34
fetch2: DR = 20 and PC = 35
fetch3: IR = 20 and AR = 35
lsl instruction
lsl1 AC = 0 ZCVN = 1000
Current Data: AC = 0, R = 0, ZCVN = 1000, AR = 35, PC = 35, DR = 20
fetch1: AR = 35 and PC = 35
fetch2: DR = 21 and PC = 36
fetch3: IR = 21 and AR = 36
lsr instruction
lsr1 AC = 0 ZCVN = 1000
Current Data: AC = 0, R = 0, ZCVN = 1000, AR = 36, PC = 36, DR = 21
fetch1: AR = 36 and PC = 36
fetch2: DR = 22 and PC = 37
fetch3: IR = 22 and AR = 37
mvi instruction
mvi1 DR = 128 PC = 38 AR = 37
mvi2 AC = -128
Current Data: AC = -128, R = 0, ZCVN = 1000, AR = 37, PC = 38, DR = 128
fetch1: AR = 38 and PC = 38
fetch2: DR = 20 and PC = 39
fetch3: IR = 20 and AR = 39
lsl instruction
lsl1 AC = 0 ZCVN = 1100
Current Data: AC = 0, R = 0, ZCVN = 1100, AR = 39, PC = 39, DR = 20
fetch1: AR = 39 and PC = 39
fetch2: DR = 22 and PC = 40
fetch3: IR = 22 and AR = 40
mvi instruction
mvi1 DR = 128 PC = 41 AR = 40
mvi2 AC = -128
Current Data: AC = -128, R = 0, ZCVN = 1100, AR = 40, PC = 41, DR = 128
fetch1: AR = 41 and PC = 41
fetch2: DR = 21 and PC = 42
fetch3: IR = 21 and AR = 42
lsr instruction
lsr1 AC = -128 ZCVN = 0001
Current Data: AC = -128, R = 0, ZCVN = 0001, AR = 42, PC = 42, DR = 21
fetch1: AR = 42 and PC = 42
fetch2: DR = 22 and PC = 43
fetch3: IR = 22 and AR = 43
mvi instruction
mvi1 DR = 192 PC = 44 AR = 43
mvi2 AC = -64
Current Data: AC = -64, R = 0, ZCVN = 0001, AR = 43, PC = 44, DR = 192
fetch1: AR = 44 and PC = 44
fetch2: DR = 20 and PC = 45
fetch3: IR = 20 and AR = 45
lsl instruction
lsl1 AC = -128 ZCVN = 0101
Current Data: AC = -128, R = 0, ZCVN = 0101, AR = 45, PC = 45, DR = 20
fetch1: AR = 45 and PC = 45
fetch2: DR = 22 and PC = 46
fetch3: IR = 22 and AR = 46
mvi instruction
mvi1 DR = 3 PC = 47 AR = 46
mvi2 AC = 3
Current Data: AC = 3, R = 0, ZCVN = 0101, AR = 46, PC = 47, DR = 3
fetch1: AR = 47 and PC = 47
fetch2: DR = 21 and PC = 48
fetch3: IR = 21 and AR = 48
lsr instruction
lsr1 AC = 3 ZCVN = 0100
Current Data: AC = 3, R = 0, ZCVN = 0100, AR = 48, PC = 48, DR = 21
fetch1: AR = 48 and PC = 48
fetch2: DR = 22 and PC = 49
fetch3: IR = 22 and AR = 49
mvi instruction
mvi1 DR = 1 PC = 50 AR = 49
mvi2 AC = 1
Current Data: AC = 1, R = 0, ZCVN = 0100, AR = 49, PC = 50, DR = 1
fetch1: AR = 50 and PC = 50
fetch2: DR = 20 and PC = 51
fetch3: IR = 20 and AR = 51
lsl instruction
lsl1 AC = 2 ZCVN = 0000
Current Data: AC = 2, R = 0, ZCVN = 0000, AR = 51, PC = 51, DR = 20
fetch1: AR = 51 and PC = 51
fetch2: DR = 20 and PC = 52
fetch3: IR = 20 and AR = 52
lsl instruction
lsl1 AC = 4 ZCVN = 0000
Current Data: AC = 4, R = 0, ZCVN = 0000, AR = 52, PC = 52, DR = 20
fetch1: AR = 52 and PC = 52
fetch2: DR = 20 and PC = 53
fetch3: IR = 20 and AR = 53
lsl instruction
lsl1 AC = 8 ZCVN = 0000
Current Data: AC = 8, R = 0, ZCVN = 0000, AR = 53, PC = 53, DR = 20
fetch1: AR = 53 and PC = 53
fetch2: DR = 21 and PC = 54
fetch3: IR = 21 and AR = 54
lsr instruction
lsr1 AC = 8 ZCVN = 0000
Current Data: AC = 8, R = 0, ZCVN = 0000, AR = 54, PC = 54, DR = 21
fetch1: AR = 54 and PC = 54
fetch2: DR = 21 and PC = 55
fetch3: IR = 21 and AR = 55
lsr instruction
lsr1 AC = 8 ZCVN = 0000
Current Data: AC = 8, R = 0, ZCVN = 0000, AR = 55, PC = 55, DR = 21
fetch1: AR = 55 and PC = 55
fetch2: DR = 21 and PC = 56
fetch3: IR = 21 and AR = 56
lsr instruction
lsr1 AC = 8 ZCVN = 0000
Current Data: AC = 8, R = 0, ZCVN = 0000, AR = 56, PC = 56, DR = 21
fetch1: AR = 56 and PC = 56
fetch2: DR = 21 and PC = 57
fetch3: IR = 21 and AR = 57
lsr instruction
lsr1 AC = 8 ZCVN = 0000
Current Data: AC = 8, R = 0, ZCVN = 0000, AR = 57, PC = 57, DR = 21
fetch1: AR = 57 and PC = 57
fetch2: DR = 255 and PC = 58
fetch3: IR = 255 and AR = 58
halt instruction
Current Data: AC = 8, R = 0, ZCVN = 0000, AR = 58, PC = 58, DR = 255
