Username:  stevenc
Date:      Thu Nov 29 15:31:21 EST 2012
 
--- Running houses ---
 

Program to output a yearly report of house sales.
Written by Carl Stevenson.

Enter the file name: 

For the file /home/mathcs/turnin/koch/Year2012.data: 

                    Salesperson
  Model  :   1   2   3   4   5   6   7   8  :  Avg Totals
---------------------------------------------------------
    1    :   0   0   2   0   5   6   3   0  :  2.0   16  
    2    :   5   1   9   0   0   2   3   2  :  2.8   22  
    3    :   0   0   0   1   0   0   0   0  :  0.1    1  
    4    :   1   1   1   0   2   2   2   1  :  1.2   10  
    5    :   5   3   2   0   0   2   5   5  :  2.8   22  
    6    :   2   2   1   0   1   1   0   0  :  0.9    7  
    7    :   3   2   5   0   1   2   0   4  :  2.1   17  
    8    :   3   0   7   1   3   5   2   4  :  3.1   25  
    9    :   0   2   6   1   0   5   2   1  :  2.1   17  
   10    :   4   0   2   0   3   2   1   0  :  1.5   12  
   11    :   1   1   1   0   2   2   2   1  :  1.2   10  
   12    :   5   3   2   0   0   2   5   5  :  2.8   22  
---------------------------------------------------------
Average  : 2.4 1.2 3.2 0.2 1.4 2.6 2.1 1.9
Maximum  :   5   3   9   1   5   6   5   5
 Totals  :  29  15  38   3  17  31  25  23  :       181

--- Running houses #2 ---
 

Program to output a yearly report of house sales.
Written by Carl Stevenson.

Enter the file name: 

For the file /home/mathcs/turnin/koch/Year2013.data: 

          Salesperson
  Model  :   1   2  :  Avg Totals
---------------------------------
    1    :   0   0  :  0.0    0  
    2    :   5   1  :  3.0    6  
    3    :   0   0  :  0.0    0  
    4    :   1   1  :  1.0    2  
    5    :   5   3  :  4.0    8  
    6    :   2   2  :  2.0    4  
    7    :   3   2  :  2.5    5  
    8    :   3   0  :  1.5    3  
    9    :   0   2  :  1.0    2  
   10    :   4   0  :  2.0    4  
   11    :   1   1  :  1.0    2  
   12    :   5   3  :  4.0    8  
---------------------------------
Average  : 2.4 1.2
Maximum  :   5   3
 Totals  :  29  15  :        44

