Username:  stevenc
Date:      Sun Jan 19 21:14:25 EST 2014
 
**********************************************
Assembling
**********************************************
Linking
****************************************
Running
Input=32
****************************************
Enter a Fahrenheit temperature: 32 F = 273 K 
****************************************
Running
Input=212
****************************************
Enter a Fahrenheit temperature: 212 F = 373 K 
****************************************
Running
Input=213
****************************************
Enter a Fahrenheit temperature: 213 F = 374 K 
****************************************
Running
Input=0
****************************************
Enter a Fahrenheit temperature: 0 F = 256 K 
****************************************
Running
Input=-400
****************************************
Enter a Fahrenheit temperature: -400 F = 34 K 
****************************************
