Username:  stevenc
Date:      Fri Feb 14 11:55:48 EST 2014
 
*************
* Compiling *
*************
cc -g -std=gnu99   -c -o scanner.o scanner.c
cc -g -std=gnu99   -c -o error.o error.c
cc -g -std=gnu99   -c -o symtab.o symtab.c
cc -g -std=gnu99   -c -o parser.o parser.c
cc -g -std=gnu99   -c -o tree.o tree.c
cc -g -std=gnu99   -c -o intcode.o intcode.c
cc -g -std=gnu99   -c -o emitter.o emitter.c
gcc -g -std=gnu99 -o pc pc.c scanner.o error.o symtab.o parser.o tree.o intcode.o emitter.o
************************************************************
  Compiling /home/mathcs/courses/cs327/hw4/test1.p 
************************************************************
************
* Running: *
****************
       1       2       3       4       5       6       7       8       9      10
************************************************************
  Compiling /home/mathcs/courses/cs327/hw4/test2.p 
************************************************************
************
* Running: *
****************
       3
       4
       5
       6
       7
       8
       9
      10
      11
      12
************************************************************
  Compiling /home/mathcs/courses/cs327/hw4/test3.p 
************************************************************
************
* Running: *
****************
       9       1
       8       2
       7       3
       6       4
       5       5
************************************************************
  Compiling /home/mathcs/courses/cs327/hw4/test4.p 
************************************************************
************
* Running: *
****************
       1       2       3       4       5       6       7       8       9      10
       1       2       3       4       5       6       7       8       9      10
       1       2       3       4       5       6       7       8       9      10
       1       2       3       4       5       6       7       8       9      10
       1       2       3       4       5       6       7       8       9      10
       1       2       3       4       5       6       7       8       9      10
       1       2       3       4       5       6       7       8       9      10
       1       2       3       4       5       6       7       8       9      10
       1       2       3       4       5       6       7       8       9      10
       1       2       3       4       5       6       7       8       9      10
************************************************************
  Compiling /home/mathcs/courses/cs327/hw4/test5.p 
************************************************************
************
* Running: *
****************
       1
       1       2
       1       2       3
       1       2       3       4
       1       2       3       4       5
       1       2       3       4       5       6
       1       2       3       4       5       6       7
       1       2       3       4       5       6       7       8
       1       2       3       4       5       6       7       8       9
       1       2       3       4       5       6       7       8       9      10
************************************************************
  Compiling /home/mathcs/courses/cs327/hw4/test6.p 
************************************************************
************
* Running: *
****************
       1      12
       2      13
       3      14
       4      15
       5      16
       6      17
       7      18
       8      19
       9      20
      10      21
      11      22
      12      23
      13      24
      14      25
      15      26
************************************************************
  Compiling /home/mathcs/courses/cs327/hw4/test7.p 
************************************************************
************
* Running: *
****************
       6       7       8       9      10      11      12      13      14      15
************************************************************
  Compiling /home/mathcs/courses/cs327/hw4/test8.p 
************************************************************
************
* Running: *
****************
       1       3       5       7       9
************************************************************
  Compiling /home/mathcs/courses/cs327/hw4/test9.p 
************************************************************
************
* Running: *
****************

************************************************************
  Compiling /home/mathcs/courses/cs327/hw4/test10.p 
************************************************************
************
* Running: *
****************
************************************************************
  Compiling /home/mathcs/courses/cs327/hw4/test11.p 
************************************************************
************
* Running: *
****************
       1
       2       1
       3       2       1
       4       3       2       1
       5       4       3       2       1
       6       5       4       3       2       1
       7       6       5       4       3       2       1
       8       7       6       5       4       3       2       1
       9       8       7       6       5       4       3       2       1
      10       9       8       7       6       5       4       3       2       1
************************************************************
  Compiling /home/mathcs/courses/cs327/hw4/test12.p 
************************************************************
************
* Running: *
****************
       1       3       5       7       9
***************************
* Collecting source files *
***************************
pc.c
globals.h
scanner.c
error.c
symtab.c
parser.c
emitter.c
intcode.c
parser.y
scanner.lex
************
* All done *
************
