Username:  stevenc
Date:      Sun Jan 19 21:16:00 EST 2014
 
**********************************************
Assembling
**********************************************
Linking
****************************************
Running
Input=10
****************************************
Enter a size:   0
  1
  2
  3
  4
  5
  6
  7
  8
  9
****************************************
Running
Input=7
****************************************
Enter a size:   0
  1
  2
  3
  4
  5
  6
****************************************
