Username:  stevenc
Date:      Sun Jan 19 21:20:21 EST 2014
 
**********************************************
Assembling
**********************************************
Linking
****************************************
Running
Input=10
****************************************
What would you like to count to? : 0 1 2 3 4 5 6 7 8 9 
0 1 2 3 4 5 6 7 8 9 
0 1 2 3 4 5 6 7 8 9 
0 1 2 3 4 5 6 7 8 9 
0 1 2 3 4 5 6 7 8 9 
0 1 2 3 4 5 6 7 8 9 
0 1 2 3 4 5 6 7 8 9 
0 1 2 3 4 5 6 7 8 9 
0 1 2 3 4 5 6 7 8 9 
0 1 2 3 4 5 6 7 8 9 
****************************************
Running
Input=7
****************************************
What would you like to count to? : 0 1 2 3 4 5 6 
0 1 2 3 4 5 6 
0 1 2 3 4 5 6 
0 1 2 3 4 5 6 
0 1 2 3 4 5 6 
0 1 2 3 4 5 6 
0 1 2 3 4 5 6 
****************************************
