Username:  stevenc
Date:      Sun Jan 19 21:19:14 EST 2014
 
**********************************************
Assembling
**********************************************
Linking
****************************************
Running
Input= 10 -5
****************************************
Enter two numbers: 
Max: 10 Min: -5
****************************************
Running
Input= 7 4
****************************************
Enter two numbers: 
Max: 7 Min: 4
****************************************
Running
Input= -3 -1
****************************************
Enter two numbers: 
Max: -1 Min: -3
****************************************
Running
Input= 0 12
****************************************
Enter two numbers: 
Max: 12 Min: 0
****************************************
