Username:  stevenc
Date:      Fri Mar 14 12:26:23 EDT 2014
 
*** making assign4a ***
g++ assign4a.cpp -o assign4a
--- Running ---
 

Carl Stevenson
Introduction to Linked Lists
This program takes input from the user to interface with
an instantiated integer linked list.

Your menu items are as follows

	1. Display the list
	2. Find an item in the list
	3. Insert an element in the list
	4. Delete an element from the list
	5. Display the number of elements in the list
	6. Exit

Please enter the number of the action you wish to take: 
You chose menu item 3
Please enter the item to add to the list: 
You chose 8

Your menu items are as follows

	1. Display the list
	2. Find an item in the list
	3. Insert an element in the list
	4. Delete an element from the list
	5. Display the number of elements in the list
	6. Exit

Please enter the number of the action you wish to take: 
You chose menu item 3
Please enter the item to add to the list: 
You chose 1

Your menu items are as follows

	1. Display the list
	2. Find an item in the list
	3. Insert an element in the list
	4. Delete an element from the list
	5. Display the number of elements in the list
	6. Exit

Please enter the number of the action you wish to take: 
You chose menu item 3
Please enter the item to add to the list: 
You chose 9

Your menu items are as follows

	1. Display the list
	2. Find an item in the list
	3. Insert an element in the list
	4. Delete an element from the list
	5. Display the number of elements in the list
	6. Exit

Please enter the number of the action you wish to take: 
You chose menu item 3
Please enter the item to add to the list: 
You chose 30

Your menu items are as follows

	1. Display the list
	2. Find an item in the list
	3. Insert an element in the list
	4. Delete an element from the list
	5. Display the number of elements in the list
	6. Exit

Please enter the number of the action you wish to take: 
You chose menu item 3
Please enter the item to add to the list: 
You chose 33

Your menu items are as follows

	1. Display the list
	2. Find an item in the list
	3. Insert an element in the list
	4. Delete an element from the list
	5. Display the number of elements in the list
	6. Exit

Please enter the number of the action you wish to take: 
You chose menu item 3
Please enter the item to add to the list: 
You chose 23

Your menu items are as follows

	1. Display the list
	2. Find an item in the list
	3. Insert an element in the list
	4. Delete an element from the list
	5. Display the number of elements in the list
	6. Exit

Please enter the number of the action you wish to take: 
You chose menu item 3
Please enter the item to add to the list: 
You chose 3

Your menu items are as follows

	1. Display the list
	2. Find an item in the list
	3. Insert an element in the list
	4. Delete an element from the list
	5. Display the number of elements in the list
	6. Exit

Please enter the number of the action you wish to take: 
You chose menu item 3
Please enter the item to add to the list: 
You chose 20

Your menu items are as follows

	1. Display the list
	2. Find an item in the list
	3. Insert an element in the list
	4. Delete an element from the list
	5. Display the number of elements in the list
	6. Exit

Please enter the number of the action you wish to take: 
You chose menu item 3
Please enter the item to add to the list: 
You chose 500

Your menu items are as follows

	1. Display the list
	2. Find an item in the list
	3. Insert an element in the list
	4. Delete an element from the list
	5. Display the number of elements in the list
	6. Exit

Please enter the number of the action you wish to take: 
You chose menu item 3
Please enter the item to add to the list: 
You chose 77

Your menu items are as follows

	1. Display the list
	2. Find an item in the list
	3. Insert an element in the list
	4. Delete an element from the list
	5. Display the number of elements in the list
	6. Exit

Please enter the number of the action you wish to take: 
You chose menu item 1
List contents: [1, 3, 8, 9, 20, 23, 30, 33, 77, 500]

Your menu items are as follows

	1. Display the list
	2. Find an item in the list
	3. Insert an element in the list
	4. Delete an element from the list
	5. Display the number of elements in the list
	6. Exit

Please enter the number of the action you wish to take: 
You chose menu item 2
Please enter the item to find in the list: 
You chose 9
Item found in position 4

Your menu items are as follows

	1. Display the list
	2. Find an item in the list
	3. Insert an element in the list
	4. Delete an element from the list
	5. Display the number of elements in the list
	6. Exit

Please enter the number of the action you wish to take: 
You chose menu item 2
Please enter the item to find in the list: 
You chose 550
Item not found.

Your menu items are as follows

	1. Display the list
	2. Find an item in the list
	3. Insert an element in the list
	4. Delete an element from the list
	5. Display the number of elements in the list
	6. Exit

Please enter the number of the action you wish to take: 
You chose menu item 3
Please enter the item to add to the list: 
You chose 20

Your menu items are as follows

	1. Display the list
	2. Find an item in the list
	3. Insert an element in the list
	4. Delete an element from the list
	5. Display the number of elements in the list
	6. Exit

Please enter the number of the action you wish to take: 
You chose menu item 1
List contents: [1, 3, 8, 9, 20, 20, 23, 30, 33, 77, 500]

Your menu items are as follows

	1. Display the list
	2. Find an item in the list
	3. Insert an element in the list
	4. Delete an element from the list
	5. Display the number of elements in the list
	6. Exit

Please enter the number of the action you wish to take: 
You chose menu item 3
Please enter the item to add to the list: 
You chose 75

Your menu items are as follows

	1. Display the list
	2. Find an item in the list
	3. Insert an element in the list
	4. Delete an element from the list
	5. Display the number of elements in the list
	6. Exit

Please enter the number of the action you wish to take: 
You chose menu item 1
List contents: [1, 3, 8, 9, 20, 20, 23, 30, 33, 75, 77, 500]

Your menu items are as follows

	1. Display the list
	2. Find an item in the list
	3. Insert an element in the list
	4. Delete an element from the list
	5. Display the number of elements in the list
	6. Exit

Please enter the number of the action you wish to take: 
You chose menu item 4
Please enter the item to remove from the list: 
You chose 75

75 removed from the list.

Your menu items are as follows

	1. Display the list
	2. Find an item in the list
	3. Insert an element in the list
	4. Delete an element from the list
	5. Display the number of elements in the list
	6. Exit

Please enter the number of the action you wish to take: 
You chose menu item 1
List contents: [1, 3, 8, 9, 20, 20, 23, 30, 33, 77, 500]

Your menu items are as follows

	1. Display the list
	2. Find an item in the list
	3. Insert an element in the list
	4. Delete an element from the list
	5. Display the number of elements in the list
	6. Exit

Please enter the number of the action you wish to take: 
You chose menu item 4
Please enter the item to remove from the list: 
You chose 9

9 removed from the list.

Your menu items are as follows

	1. Display the list
	2. Find an item in the list
	3. Insert an element in the list
	4. Delete an element from the list
	5. Display the number of elements in the list
	6. Exit

Please enter the number of the action you wish to take: 
You chose menu item 1
List contents: [1, 3, 8, 20, 20, 23, 30, 33, 77, 500]

Your menu items are as follows

	1. Display the list
	2. Find an item in the list
	3. Insert an element in the list
	4. Delete an element from the list
	5. Display the number of elements in the list
	6. Exit

Please enter the number of the action you wish to take: 
You chose menu item 5
There are 10 elements in the list.

Your menu items are as follows

	1. Display the list
	2. Find an item in the list
	3. Insert an element in the list
	4. Delete an element from the list
	5. Display the number of elements in the list
	6. Exit

Please enter the number of the action you wish to take: 
You chose menu item 6
Exiting now.

---running again-
 

Carl Stevenson
Introduction to Linked Lists
This program takes input from the user to interface with
an instantiated integer linked list.

Your menu items are as follows

	1. Display the list
	2. Find an item in the list
	3. Insert an element in the list
	4. Delete an element from the list
	5. Display the number of elements in the list
	6. Exit

Please enter the number of the action you wish to take: 
You chose menu item 3
Please enter the item to add to the list: 
You chose 8

Your menu items are as follows

	1. Display the list
	2. Find an item in the list
	3. Insert an element in the list
	4. Delete an element from the list
	5. Display the number of elements in the list
	6. Exit

Please enter the number of the action you wish to take: 
You chose menu item 3
Please enter the item to add to the list: 
You chose 9

Your menu items are as follows

	1. Display the list
	2. Find an item in the list
	3. Insert an element in the list
	4. Delete an element from the list
	5. Display the number of elements in the list
	6. Exit

Please enter the number of the action you wish to take: 
You chose menu item 3
Please enter the item to add to the list: 
You chose 30

Your menu items are as follows

	1. Display the list
	2. Find an item in the list
	3. Insert an element in the list
	4. Delete an element from the list
	5. Display the number of elements in the list
	6. Exit

Please enter the number of the action you wish to take: 
You chose menu item 3
Please enter the item to add to the list: 
You chose 33

Your menu items are as follows

	1. Display the list
	2. Find an item in the list
	3. Insert an element in the list
	4. Delete an element from the list
	5. Display the number of elements in the list
	6. Exit

Please enter the number of the action you wish to take: 
You chose menu item 3
Please enter the item to add to the list: 
You chose 23

Your menu items are as follows

	1. Display the list
	2. Find an item in the list
	3. Insert an element in the list
	4. Delete an element from the list
	5. Display the number of elements in the list
	6. Exit

Please enter the number of the action you wish to take: 
You chose menu item 3
Please enter the item to add to the list: 
You chose 20

Your menu items are as follows

	1. Display the list
	2. Find an item in the list
	3. Insert an element in the list
	4. Delete an element from the list
	5. Display the number of elements in the list
	6. Exit

Please enter the number of the action you wish to take: 
You chose menu item 3
Please enter the item to add to the list: 
You chose 500

Your menu items are as follows

	1. Display the list
	2. Find an item in the list
	3. Insert an element in the list
	4. Delete an element from the list
	5. Display the number of elements in the list
	6. Exit

Please enter the number of the action you wish to take: 
You chose menu item 3
Please enter the item to add to the list: 
You chose 77

Your menu items are as follows

	1. Display the list
	2. Find an item in the list
	3. Insert an element in the list
	4. Delete an element from the list
	5. Display the number of elements in the list
	6. Exit

Please enter the number of the action you wish to take: 
You chose menu item 1
List contents: [8, 9, 20, 23, 30, 33, 77, 500]

Your menu items are as follows

	1. Display the list
	2. Find an item in the list
	3. Insert an element in the list
	4. Delete an element from the list
	5. Display the number of elements in the list
	6. Exit

Please enter the number of the action you wish to take: 
You chose menu item 4
Please enter the item to remove from the list: 
You chose 8

8 removed from the list.

Your menu items are as follows

	1. Display the list
	2. Find an item in the list
	3. Insert an element in the list
	4. Delete an element from the list
	5. Display the number of elements in the list
	6. Exit

Please enter the number of the action you wish to take: 
You chose menu item 4
Please enter the item to remove from the list: 
You chose 23

23 removed from the list.

Your menu items are as follows

	1. Display the list
	2. Find an item in the list
	3. Insert an element in the list
	4. Delete an element from the list
	5. Display the number of elements in the list
	6. Exit

Please enter the number of the action you wish to take: 
You chose menu item 4
Please enter the item to remove from the list: 
You chose 500

500 removed from the list.

Your menu items are as follows

	1. Display the list
	2. Find an item in the list
	3. Insert an element in the list
	4. Delete an element from the list
	5. Display the number of elements in the list
	6. Exit

Please enter the number of the action you wish to take: 
You chose menu item 1
List contents: [9, 20, 30, 33, 77]

Your menu items are as follows

	1. Display the list
	2. Find an item in the list
	3. Insert an element in the list
	4. Delete an element from the list
	5. Display the number of elements in the list
	6. Exit

Please enter the number of the action you wish to take: 
You chose menu item 6
Exiting now.

 
