Username:  stevenc
Date:      Tue Mar 11 18:09:21 EDT 2014
 
*************
* Compiling *
*************
cc -g -std=gnu99   -c -o scanner.o scanner.c
cc -g -std=gnu99   -c -o error.o error.c
cc -g -std=gnu99   -c -o symtab.o symtab.c
cc -g -std=gnu99   -c -o parser.o parser.c
cc -g -std=gnu99   -c -o tree.o tree.c
cc -g -std=gnu99   -c -o intcode.o intcode.c
cc -g -std=gnu99   -c -o emitter.o emitter.c
cc -g -std=gnu99   -c -o typecheck.o typecheck.c
gcc -g -std=gnu99 -o pc pc.c scanner.o error.o symtab.o parser.o tree.o intcode.o emitter.o typecheck.o
pc.c: In function 'main':
pc.c:55:3: warning: implicit declaration of function 'declare_variables' [-Wimplicit-function-declaration]
************************************************************
  Compiling test-incr-1.p
************************************************************
************
  Running:  
************
       1
       2
       3
       1
       1
************************************************************
  Compiling test-incr-2.p
************************************************************
************
  Running:  
************
       1
       2
       2
       1
       1
       2
       2
       1
       1
************************************************************
  Compiling test-incr-3.p
************************************************************
************
  Running:  
************
       1       2
       7
       1       2
      -4
       1       1
       0
       1       1
************************************************************
  Compiling test-incr-4.p
************************************************************
************
  Running:  
************
       1
       2
       3
       4
       5
       6
       7
       8
       9
      10
************************************************************
  Compiling test-incr-5.p
************************************************************
************
  Running:  
************

       1
       1
       1
       1
       1
       1
       1
       1
       1
************************************************************
  Compiling test-unary-1.p
************************************************************
************
  Running:  
************
      -1
       1
      -1
       1
************************************************************
  Compiling test-unary-2.p
************************************************************
************
  Running:  
************
       1
      -1
       3
       5
************************************************************
  Compiling test-unary-3.p
************************************************************
************
  Running:  
************
       4
     -24
************************************************************
  Compiling test-unary-4.p
************************************************************
************
  Running:  
************
       2

       2
       2
************************************************************
  Compiling test-unary-5.p
************************************************************
************
  Running:  
************
       2
       2
       1
       2
************************************************************
  Compiling test-unary-6.p
************************************************************
************
  Running:  
************
       0
       1
      -2
       3
      -4
       5
      -6
       7
      -8
       9
     -10
       9
      -8
       7
      -6
       5
      -4
       3
      -2
       1
***************************
* Collecting source files *
***************************
pc.c
globals.h
scanner.c
error.c
symtab.c
parser.c
emitter.c
intcode.c
parser.y
scanner.lex
************
* All done *
************
