Username:  stevenc
Date:      Sun Jan 19 21:14:49 EST 2014
 
**********************************************
Assembling
**********************************************
Linking
****************************************
Running
Input=32
****************************************
Enter a Fahrenheit temperature: 32.0000 F = 273.0000 K 
****************************************
Running
Input=212
****************************************
Enter a Fahrenheit temperature: 212.0000 F = 373.0000 K 
****************************************
Running
Input=213
****************************************
Enter a Fahrenheit temperature: 213.0000 F = 373.5556 K 
****************************************
Running
Input=0
****************************************
Enter a Fahrenheit temperature: 0.0000 F = 255.2222 K 
****************************************
Running
Input=-400
****************************************
Enter a Fahrenheit temperature: -400.0000 F = 33.0000 K 
****************************************
