Username:  stevenc
Date:      Mon Mar 25 23:51:11 EDT 2013
 
*** Compiling ***
javac *.java
--- Running first cars ---
 

Program to output a month report of car sales.
Written by Carl Stevenson.

                     Salesperson                     
  Model  :   1   2   3   4   5   6   7   8  :  Totals
-------------------------------------------------------
    0    :   0   0   2   0   5   6   3   0  :    16
    1    :   5   1   9   0   0   2   3   2  :    22
    2    :   0   0   0   1   0   0   0   0  :     1
    3    :   1   1   1   0   2   2   2   1  :    10
    4    :   5   3   2   0   0   2   5   5  :    22
    5    :   2   2   1   0   1   1   0   0  :     7
    6    :   3   2   5   0   1   2   0   4  :    17
    7    :   3   0   7   1   3   5   2   4  :    25
    8    :   0   2   6   1   0   5   2   1  :    17
    9    :   4   0   2   0   3   2   1   0  :    12
-------------------------------------------------------
 Totals  :  23  11  35   3  15  27  18  17

--- Running second cars ---
 

Program to output a month report of car sales.
Written by Carl Stevenson.

                     Salesperson                     
  Model  :   1   2   3   4   5   6   7   8  :  Totals
-------------------------------------------------------
    0    :   0   0   6   0   7   6   3   0  :    22
    1    :   7   5   9   0   0   6   3   6  :    36
    2    :   0   0   0   5   0   0   0   0  :     5
    3    :   5   5   5   0   6   6   6   5  :    38
    4    :   7   3   6   0   0   6   7   7  :    36
    5    :   6   6   5   0   5   5   0   0  :    27
    6    :   3   6   7   0   5   6   0   4  :    31
    7    :   3   0   7   5   3   7   6   4  :    35
    8    :   0   6   6   5   0   7   6   5  :    35
    9    :   4   0   6   0   3   6   5   0  :    24
-------------------------------------------------------
 Totals  :  35  31  57  15  29  55  36  31

 
rm -f *.class *~ *#
 
